c:\users\sergi\desktop\gymproject\opengl\project1\project1\debug\vc140.pdb
c:\users\sergi\desktop\gymproject\opengl\project1\project1\debug\vc140.idb
c:\users\sergi\desktop\gymproject\opengl\project1\project1\debug\glad.obj
c:\users\sergi\desktop\gymproject\opengl\project1\project1\debug\main.obj
c:\users\sergi\desktop\gymproject\opengl\project1\project1\debug\shader.obj
c:\users\sergi\desktop\gymproject\opengl\project1\project1\debug\camera_main.obj
c:\users\sergi\desktop\gymproject\opengl\project1\debug\opengl.ilk
c:\users\sergi\desktop\gymproject\opengl\project1\debug\opengl.exe
c:\users\sergi\desktop\gymproject\opengl\project1\debug\opengl.pdb
c:\users\sergi\desktop\gymproject\opengl\project1\project1\debug\opengl.res
c:\users\sergi\desktop\gymproject\opengl\project1\project1\debug\opengl.tlog\cl.command.1.tlog
c:\users\sergi\desktop\gymproject\opengl\project1\project1\debug\opengl.tlog\cl.read.1.tlog
c:\users\sergi\desktop\gymproject\opengl\project1\project1\debug\opengl.tlog\cl.write.1.tlog
c:\users\sergi\desktop\gymproject\opengl\project1\project1\debug\opengl.tlog\link.14500-cvtres.read.1.tlog
c:\users\sergi\desktop\gymproject\opengl\project1\project1\debug\opengl.tlog\link.14500-cvtres.write.1.tlog
c:\users\sergi\desktop\gymproject\opengl\project1\project1\debug\opengl.tlog\link.14500-rc.read.1.tlog
c:\users\sergi\desktop\gymproject\opengl\project1\project1\debug\opengl.tlog\link.14500-rc.write.1.tlog
c:\users\sergi\desktop\gymproject\opengl\project1\project1\debug\opengl.tlog\link.14500.read.1.tlog
c:\users\sergi\desktop\gymproject\opengl\project1\project1\debug\opengl.tlog\link.14500.write.1.tlog
c:\users\sergi\desktop\gymproject\opengl\project1\project1\debug\opengl.tlog\link.command.1.tlog
c:\users\sergi\desktop\gymproject\opengl\project1\project1\debug\opengl.tlog\link.read.1.tlog
c:\users\sergi\desktop\gymproject\opengl\project1\project1\debug\opengl.tlog\link.write.1.tlog
c:\users\sergi\desktop\gymproject\opengl\project1\project1\debug\opengl.tlog\rc.command.1.tlog
c:\users\sergi\desktop\gymproject\opengl\project1\project1\debug\opengl.tlog\rc.read.1.tlog
c:\users\sergi\desktop\gymproject\opengl\project1\project1\debug\opengl.tlog\rc.write.1.tlog
